#
# There is insufficient memory for the Java Runtime Environment to continue.
# Native memory allocation (mmap) failed to map 266338304 bytes for G1 virtual space
# Possible reasons:
#   The system is out of physical RAM or swap space
#   The process is running with CompressedOops enabled, and the Java Heap may be blocking the growth of the native heap
# Possible solutions:
#   Reduce memory load on the system
#   Increase physical memory or swap space
#   Check if swap backing store is full
#   Decrease Java heap size (-Xmx/-Xms)
#   Decrease number of Java threads
#   Decrease Java thread stack sizes (-Xss)
#   Set larger code cache with -XX:ReservedCodeCacheSize=
#   JVM is running with Zero Based Compressed Oops mode in which the Java heap is
#     placed in the first 32GB address space. The Java Heap base address is the
#     maximum limit for the native heap growth. Please use -XX:HeapBaseMinAddress
#     to set the Java Heap base and to place the Java Heap above 32GB virtual address.
# This output file may be truncated or incomplete.
#
#  Out of Memory Error (os_windows.cpp:3466), pid=19728, tid=9504
#
# JRE version:  (16.0.2+7) (build )
# Java VM: OpenJDK 64-Bit Server VM (16.0.2+7-67, mixed mode, sharing, tiered, compressed oops, compressed class ptrs, g1 gc, windows-amd64)
# No core dump will be written. Minidumps are not enabled by default on client versions of Windows
#

---------------  S U M M A R Y ------------

Command Line: -javaagent:D:\IntelliJ IDEA Community Edition 2021.1.3\lib\idea_rt.jar=52452:D:\IntelliJ IDEA Community Edition 2021.1.3\bin -Dfile.encoding=UTF-8 com.github.Balashov.Lane.ItemApplication

Host: Intel(R) Core(TM) i7-6700HQ CPU @ 2.60GHz, 8 cores, 15G,  Windows 10 , 64 bit Build 19041 (10.0.19041.1151)
Time: Thu Sep  2 13:47:48 2021 Eastern Daylight Time elapsed time: 0.025628 seconds (0d 0h 0m 0s)

---------------  T H R E A D  ---------------

Current thread (0x000002391de975f0):  JavaThread "Unknown thread" [_thread_in_vm, id=9504, stack(0x000000cd47900000,0x000000cd47a00000)]

Stack: [0x000000cd47900000,0x000000cd47a00000]
Native frames: (J=compiled Java code, j=interpreted, Vv=VM code, C=native code)
V  [jvm.dll+0x6681ca]
V  [jvm.dll+0x7c9e69]
V  [jvm.dll+0x7cb61e]
V  [jvm.dll+0x7cbc73]
V  [jvm.dll+0x242c55]
V  [jvm.dll+0x664f89]
V  [jvm.dll+0x659b75]
V  [jvm.dll+0x2fbfbb]
V  [jvm.dll+0x3031b6]
V  [jvm.dll+0x35299e]
V  [jvm.dll+0x352bcf]
V  [jvm.dll+0x2d3028]
V  [jvm.dll+0x2d4264]
V  [jvm.dll+0x79c741]
V  [jvm.dll+0x360791]
V  [jvm.dll+0x77a3f0]
V  [jvm.dll+0x3e4e8f]
V  [jvm.dll+0x3e6961]
C  [jli.dll+0x52fb]
C  [ucrtbase.dll+0x21bb2]
C  [KERNEL32.DLL+0x17034]
C  [ntdll.dll+0x52651]


---------------  P R O C E S S  ---------------

Threads class SMR info:
_java_thread_list=0x00007ffe7700cbb8, length=0, elements={
}

Java Threads: ( => current thread )

Other Threads:
  0x000002391dee6a00 GCTaskThread "GC Thread#0" [stack: 0x000000cd47a00000,0x000000cd47b00000] [id=9372]
  0x000002391def3900 ConcurrentGCThread "G1 Main Marker" [stack: 0x000000cd47b00000,0x000000cd47c00000] [id=3080]
  0x000002391def4b10 ConcurrentGCThread "G1 Conc#0" [stack: 0x000000cd47c00000,0x000000cd47d00000] [id=7068]

[error occurred during error reporting (printing all threads), id 0xc0000005, EXCEPTION_ACCESS_VIOLATION (0xc0000005) at pc=0x00007ffe767e3ee7]

VM state: not at safepoint (not fully initialized)

VM Mutex/Monitor currently owned by a thread:  ([mutex/lock_event])
[0x000002391de923e0] Heap_lock - owner thread: 0x000002391de975f0

Heap address: 0x0000000702a00000, size: 4054 MB, Compressed Oops mode: Zero based, Oop shift amount: 3

CDS archive(s) mapped at: [0x0000000000000000-0x0000000000000000-0x0000000000000000), size 0, SharedBaseAddress: 0x0000000800000000, ArchiveRelocationMode: 0.
Narrow klass base: 0x0000000000000000, Narrow klass shift: 0, Narrow klass range: 0x0

GC Precious Log:
<Empty>

Heap:
 garbage-first heap   total 0K, used 0K [0x0000000702a00000, 0x0000000800000000)
  region size 2048K, 0 young (0K), 0 survivors (0K)

[error occurred during error reporting (printing heap information), id 0xc0000005, EXCEPTION_ACCESS_VIOLATION (0xc0000005) at pc=0x00007ffe76bc1eed]

GC Heap History (0 events):
No events

Deoptimization events (0 events):
No events

Classes unloaded (0 events):
No events

Classes redefined (0 events):
No events

Internal exceptions (0 events):
No events

Events (1 events):
Event: 0.015 Loaded shared library C:\Users\njone\.jdks\openjdk-16.0.2\bin\java.dll


Dynamic libraries:
0x00007ff64e170000 - 0x00007ff64e17e000 	C:\Users\njone\.jdks\openjdk-16.0.2\bin\java.exe
0x00007ffec7250000 - 0x00007ffec7445000 	C:\WINDOWS\SYSTEM32\ntdll.dll
0x00007ffe9ee10000 - 0x00007ffe9ee25000 	C:\Program Files\AVAST Software\Avast\aswhook.dll
0x00007ffec6f50000 - 0x00007ffec700d000 	C:\WINDOWS\System32\KERNEL32.DLL
0x00007ffec4ea0000 - 0x00007ffec5169000 	C:\WINDOWS\System32\KERNELBASE.dll
0x00007ffec4980000 - 0x00007ffec4a80000 	C:\WINDOWS\System32\ucrtbase.dll
0x00007ffebea40000 - 0x00007ffebea59000 	C:\Users\njone\.jdks\openjdk-16.0.2\bin\VCRUNTIME140.dll
0x00007ffebec20000 - 0x00007ffebec38000 	C:\Users\njone\.jdks\openjdk-16.0.2\bin\jli.dll
0x00007ffec6db0000 - 0x00007ffec6f50000 	C:\WINDOWS\System32\USER32.dll
0x00007ffec5170000 - 0x00007ffec5192000 	C:\WINDOWS\System32\win32u.dll
0x00007ffec70d0000 - 0x00007ffec70fa000 	C:\WINDOWS\System32\GDI32.dll
0x00007ffeb1de0000 - 0x00007ffeb207a000 	C:\WINDOWS\WinSxS\amd64_microsoft.windows.common-controls_6595b64144ccf1df_6.0.19041.1110_none_60b5254171f9507e\COMCTL32.dll
0x00007ffec51a0000 - 0x00007ffec52ab000 	C:\WINDOWS\System32\gdi32full.dll
0x00007ffec5370000 - 0x00007ffec540e000 	C:\WINDOWS\System32\msvcrt.dll
0x00007ffec4b10000 - 0x00007ffec4bad000 	C:\WINDOWS\System32\msvcp_win.dll
0x00007ffec52b0000 - 0x00007ffec52e0000 	C:\WINDOWS\System32\IMM32.DLL
0x00007ffec0330000 - 0x00007ffec033c000 	C:\Users\njone\.jdks\openjdk-16.0.2\bin\vcruntime140_1.dll
0x00007ffea4a60000 - 0x00007ffea4af1000 	C:\Users\njone\.jdks\openjdk-16.0.2\bin\msvcp140.dll
0x00007ffe76500000 - 0x00007ffe770ab000 	C:\Users\njone\.jdks\openjdk-16.0.2\bin\server\jvm.dll
0x00007ffec6d00000 - 0x00007ffec6dac000 	C:\WINDOWS\System32\ADVAPI32.dll
0x00007ffec7170000 - 0x00007ffec720b000 	C:\WINDOWS\System32\sechost.dll
0x00007ffec5d30000 - 0x00007ffec5e5a000 	C:\WINDOWS\System32\RPCRT4.dll
0x00007ffec6ae0000 - 0x00007ffec6ae8000 	C:\WINDOWS\System32\PSAPI.DLL
0x00007ffeb8f30000 - 0x00007ffeb8f57000 	C:\WINDOWS\SYSTEM32\WINMM.dll
0x00007ffebe210000 - 0x00007ffebe21a000 	C:\WINDOWS\SYSTEM32\VERSION.dll
0x00007ffeb6740000 - 0x00007ffeb6749000 	C:\WINDOWS\SYSTEM32\WSOCK32.dll
0x00007ffec7100000 - 0x00007ffec716b000 	C:\WINDOWS\System32\WS2_32.dll
0x00007ffec31d0000 - 0x00007ffec31e2000 	C:\WINDOWS\SYSTEM32\kernel.appcore.dll
0x00007ffec02c0000 - 0x00007ffec02ca000 	C:\Users\njone\.jdks\openjdk-16.0.2\bin\jimage.dll
0x00007ffec2610000 - 0x00007ffec27f4000 	C:\WINDOWS\SYSTEM32\DBGHELP.DLL
0x00007ffeba6d0000 - 0x00007ffeba6fc000 	C:\WINDOWS\SYSTEM32\dbgcore.DLL
0x00007ffec4bb0000 - 0x00007ffec4c33000 	C:\WINDOWS\System32\bcryptPrimitives.dll
0x00007ffebf270000 - 0x00007ffebf27e000 	C:\Users\njone\.jdks\openjdk-16.0.2\bin\instrument.dll
0x00007ffebdc60000 - 0x00007ffebdc85000 	C:\Users\njone\.jdks\openjdk-16.0.2\bin\java.dll

dbghelp: loaded successfully - version: 4.0.5 - missing functions: none
symbol engine: initialized successfully - sym options: 0x614 - pdb path: .;C:\Users\njone\.jdks\openjdk-16.0.2\bin;C:\WINDOWS\SYSTEM32;C:\Program Files\AVAST Software\Avast;C:\WINDOWS\WinSxS\amd64_microsoft.windows.common-controls_6595b64144ccf1df_6.0.19041.1110_none_60b5254171f9507e;C:\Users\njone\.jdks\openjdk-16.0.2\bin\server

VM Arguments:
jvm_args: -javaagent:D:\IntelliJ IDEA Community Edition 2021.1.3\lib\idea_rt.jar=52452:D:\IntelliJ IDEA Community Edition 2021.1.3\bin -Dfile.encoding=UTF-8 
java_command: com.github.Balashov.Lane.ItemApplication
java_class_path (initial): D:\Projects\Current\Revature\Project2\Lane\target\classes;C:\Users\njone\.m2\repository\org\springframework\boot\spring-boot-starter-data-cassandra-reactive\2.5.4\spring-boot-starter-data-cassandra-reactive-2.5.4.jar;C:\Users\njone\.m2\repository\org\springframework\boot\spring-boot-starter\2.5.4\spring-boot-starter-2.5.4.jar;C:\Users\njone\.m2\repository\org\springframework\boot\spring-boot\2.5.4\spring-boot-2.5.4.jar;C:\Users\njone\.m2\repository\org\springframework\boot\spring-boot-autoconfigure\2.5.4\spring-boot-autoconfigure-2.5.4.jar;C:\Users\njone\.m2\repository\org\springframework\boot\spring-boot-starter-logging\2.5.4\spring-boot-starter-logging-2.5.4.jar;C:\Users\njone\.m2\repository\org\apache\logging\log4j\log4j-to-slf4j\2.14.1\log4j-to-slf4j-2.14.1.jar;C:\Users\njone\.m2\repository\org\apache\logging\log4j\log4j-api\2.14.1\log4j-api-2.14.1.jar;C:\Users\njone\.m2\repository\org\slf4j\jul-to-slf4j\1.7.32\jul-to-slf4j-1.7.32.jar;C:\Users\njone\.m2\repository\jakarta\annotation\jakarta.annotation-api\1.3.5\jakarta.annotation-api-1.3.5.jar;C:\Users\njone\.m2\repository\org\springframework\spring-tx\5.3.9\spring-tx-5.3.9.jar;C:\Users\njone\.m2\repository\org\springframework\spring-beans\5.3.9\spring-beans-5.3.9.jar;C:\Users\njone\.m2\repository\org\springframework\data\spring-data-cassandra\3.2.4\spring-data-cassandra-3.2.4.jar;C:\Users\njone\.m2\repository\org\springframework\spring-context\5.3.9\spring-context-5.3.9.jar;C:\Users\njone\.m2\repository\org\springframework\spring-expression\5.3.9\spring-expression-5.3.9.jar;C:\Users\njone\.m2\repository\org\springframework\data\spring-data-commons\2.5.4\spring-data-commons-2.5.4.jar;C:\Users\njone\.m2\repository\com\datastax\oss\java-driver-core\4.11.3\java-driver-core-4.11.3.jar;C:\Users\njone\.m2\repository\com\datastax\oss\native-protocol\1.5.0\native-protocol-1.5.0.jar;C:\Users\njone\.m2\repository\io\netty\netty-handler\4.1.67.Final\netty-handler-4.1.67.Final.jar;C:\Users\njone
Launcher Type: SUN_STANDARD

[Global flags]
     intx CICompilerCount                          = 4                                         {product} {ergonomic}
     uint ConcGCThreads                            = 2                                         {product} {ergonomic}
     uint G1ConcRefinementThreads                  = 8                                         {product} {ergonomic}
   size_t G1HeapRegionSize                         = 2097152                                   {product} {ergonomic}
    uintx GCDrainStackTargetSize                   = 64                                        {product} {ergonomic}
   size_t InitialHeapSize                          = 266338304                                 {product} {ergonomic}
   size_t MarkStackSize                            = 4194304                                   {product} {ergonomic}
   size_t MaxHeapSize                              = 4250927104                                {product} {ergonomic}
   size_t MinHeapDeltaBytes                        = 2097152                                   {product} {ergonomic}
   size_t MinHeapSize                              = 8388608                                   {product} {ergonomic}
    uintx NonNMethodCodeHeapSize                   = 5839372                                {pd product} {ergonomic}
    uintx NonProfiledCodeHeapSize                  = 122909434                              {pd product} {ergonomic}
    uintx ProfiledCodeHeapSize                     = 122909434                              {pd product} {ergonomic}
    uintx ReservedCodeCacheSize                    = 251658240                              {pd product} {ergonomic}
     bool SegmentedCodeCache                       = true                                      {product} {ergonomic}
   size_t SoftMaxHeapSize                          = 4250927104                             {manageable} {ergonomic}
     bool UseCompressedClassPointers               = true                           {product lp64_product} {ergonomic}
     bool UseCompressedOops                        = true                           {product lp64_product} {ergonomic}
     bool UseG1GC                                  = true                                      {product} {ergonomic}
     bool UseLargePagesIndividualAllocation        = false                                  {pd product} {ergonomic}

Logging:
Log output configuration:
 #0: stdout all=warning uptime,level,tags
 #1: stderr all=off uptime,level,tags

Environment Variables:
PATH=C:\Program Files\Common Files\Oracle\Java\javapath;C:\Program Files (x86)\Common Files\Intel\Shared Libraries\redist\intel64\compiler;C:\Program Files (x86)\Common Files\Oracle\Java\javapath;C:\ProgramData\Oracle\Java\javapath;C:\Windows\system32;C:\Windows;C:\Windows\System32\Wbem;C:\Windows\System32\WindowsPowerShell\v1.0\;C:\WINDOWS\system32;C:\WINDOWS;C:\WINDOWS\System32\Wbem;C:\WINDOWS\System32\WindowsPowerShell\v1.0\;C:\WINDOWS\System32\OpenSSH\;C:\Program Files\Microsoft SQL Server\Client SDK\ODBC\110\Tools\Binn\;C:\Program Files (x86)\Microsoft SQL Server\120\Tools\Binn\;C:\Program Files\Microsoft SQL Server\120\Tools\Binn\;C:\Program Files\Microsoft SQL Server\120\DTS\Binn\;C:\Program Files (x86)\Windows Kits\8.1\Windows Performance Toolkit\;C:\Program Files\MATLAB\R2018b\runtime\win64;C:\Program Files\MATLAB\R2018b\bin;C:\Program Files (x86)\Intel\Intel(R) Management Engine Components\DAL;C:\Program Files\Intel\Intel(R) Management Engine Components\DAL;C:\Program Files\Intel\WiFi\bin\;C:\Program Files\Common Files\Intel\WirelessCommon\;C:\ProgramData\chocolatey\bin;C:\ProgramData\chocolatey\lib\maven\apache-maven-3.8.1\bin;D:\Git\cmd;C:\Program Files\Docker\Docker\resources\bin;C:\ProgramData\DockerDesktop\version-bin;C:\Users\njone\AppData\Local\Microsoft\WindowsApps;C:\Program Files\Intel\WiFi\bin\;C:\Program Files\Common Files\Intel\WirelessCommon\;D:\IntelliJ IDEA Community Edition 2021.1.3\bin;
USERNAME=njone
OS=Windows_NT
PROCESSOR_IDENTIFIER=Intel64 Family 6 Model 94 Stepping 3, GenuineIntel



---------------  S Y S T E M  ---------------

OS:
 Windows 10 , 64 bit Build 19041 (10.0.19041.1151)
OS uptime: 3 days 3:53 hours
Hyper-V role detected

CPU: total 8 (initial active 8) (4 cores per cpu, 2 threads per core) family 6 model 94 stepping 3 microcode 0xd6, cx8, cmov, fxsr, ht, mmx, 3dnowpref, sse, sse2, sse3, ssse3, sse4.1, sse4.2, popcnt, lzcnt, tsc, tscinvbit, avx, avx2, aes, erms, clmul, bmi1, bmi2, rtm, adx, fma, vzeroupper, clflush, clflushopt, hv

Memory: 4k page, system-wide physical 16211M (703M free)
TotalPageFile size 16211M (AvailPageFile size 36M)
current process WorkingSet (physical memory assigned to process): 10M, peak: 10M
current process commit charge ("private bytes"): 60M, peak: 314M

vm_info: OpenJDK 64-Bit Server VM (16.0.2+7-67) for windows-amd64 JRE (16.0.2+7-67), built on Jun  8 2021 23:21:43 by "mach5one" with MS VC++ 16.7 (VS2019)

END.
