#
# There is insufficient memory for the Java Runtime Environment to continue.
# Native memory allocation (malloc) failed to allocate 2009456 bytes for Chunk::new
# Possible reasons:
#   The system is out of physical RAM or swap space
#   The process is running with CompressedOops enabled, and the Java Heap may be blocking the growth of the native heap
# Possible solutions:
#   Reduce memory load on the system
#   Increase physical memory or swap space
#   Check if swap backing store is full
#   Decrease Java heap size (-Xmx/-Xms)
#   Decrease number of Java threads
#   Decrease Java thread stack sizes (-Xss)
#   Set larger code cache with -XX:ReservedCodeCacheSize=
#   JVM is running with Zero Based Compressed Oops mode in which the Java heap is
#     placed in the first 32GB address space. The Java Heap base address is the
#     maximum limit for the native heap growth. Please use -XX:HeapBaseMinAddress
#     to set the Java Heap base and to place the Java Heap above 32GB virtual address.
# This output file may be truncated or incomplete.
#
#  Out of Memory Error (arena.cpp:195), pid=21136, tid=16488
#
# JRE version: OpenJDK Runtime Environment (16.0.2+7) (build 16.0.2+7-67)
# Java VM: OpenJDK 64-Bit Server VM (16.0.2+7-67, mixed mode, sharing, tiered, compressed oops, compressed class ptrs, g1 gc, windows-amd64)
# No core dump will be written. Minidumps are not enabled by default on client versions of Windows
#

---------------  S U M M A R Y ------------

Command Line: -javaagent:D:\IntelliJ IDEA Community Edition 2021.1.3\lib\idea_rt.jar=50109:D:\IntelliJ IDEA Community Edition 2021.1.3\bin -Dfile.encoding=UTF-8 com.github.ProjectBalashov.Web

Host: Intel(R) Core(TM) i7-6700HQ CPU @ 2.60GHz, 8 cores, 15G,  Windows 10 , 64 bit Build 19041 (10.0.19041.1151)
Time: Thu Sep  2 13:10:52 2021 Eastern Daylight Time elapsed time: 3.710826 seconds (0d 0h 0m 3s)

---------------  T H R E A D  ---------------

Current thread (0x000001f44feaeda0):  JavaThread "C2 CompilerThread2" daemon [_thread_in_native, id=16488, stack(0x0000003b41c00000,0x0000003b41d00000)]


Current CompileTask:
C2:   3710 2842       4       java.lang.invoke.MethodType::makeImpl (108 bytes)

Stack: [0x0000003b41c00000,0x0000003b41d00000]
Native frames: (J=compiled Java code, j=interpreted, Vv=VM code, C=native code)
V  [jvm.dll+0x6681ca]
V  [jvm.dll+0x7c9e69]
V  [jvm.dll+0x7cb61e]
V  [jvm.dll+0x7cbc73]
V  [jvm.dll+0x242c55]
V  [jvm.dll+0xadeba]
V  [jvm.dll+0xae45c]
V  [jvm.dll+0x35a882]
V  [jvm.dll+0x324de1]
V  [jvm.dll+0x32428a]
V  [jvm.dll+0x215cec]
V  [jvm.dll+0x215100]
V  [jvm.dll+0x1a1beb]
V  [jvm.dll+0x225158]
V  [jvm.dll+0x22319c]
V  [jvm.dll+0x77fa62]
V  [jvm.dll+0x7795aa]
V  [jvm.dll+0x667066]
C  [ucrtbase.dll+0x21bb2]
C  [KERNEL32.DLL+0x17034]
C  [ntdll.dll+0x52651]


---------------  P R O C E S S  ---------------

Threads class SMR info:
_java_thread_list=0x000001f44e871660, length=15, elements={
0x000001f4299e8c10, 0x000001f44c5549c0, 0x000001f44c555490, 0x000001f44c5617c0,
0x000001f44c562fe0, 0x000001f44c565700, 0x000001f44c575230, 0x000001f44c575b70,
0x000001f44c576270, 0x000001f44d04ffe0, 0x000001f44d0e8300, 0x000001f44d5f8d00,
0x000001f44d1e0540, 0x000001f44d84d030, 0x000001f44feaeda0
}

Java Threads: ( => current thread )
  0x000001f4299e8c10 JavaThread "main" [_thread_in_vm, id=15608, stack(0x0000003b40700000,0x0000003b40800000)]
  0x000001f44c5549c0 JavaThread "Reference Handler" daemon [_thread_blocked, id=16636, stack(0x0000003b40e00000,0x0000003b40f00000)]
  0x000001f44c555490 JavaThread "Finalizer" daemon [_thread_blocked, id=8764, stack(0x0000003b40f00000,0x0000003b41000000)]
  0x000001f44c5617c0 JavaThread "Signal Dispatcher" daemon [_thread_blocked, id=16588, stack(0x0000003b41000000,0x0000003b41100000)]
  0x000001f44c562fe0 JavaThread "Attach Listener" daemon [_thread_blocked, id=6520, stack(0x0000003b41100000,0x0000003b41200000)]
  0x000001f44c565700 JavaThread "Service Thread" daemon [_thread_blocked, id=16404, stack(0x0000003b41200000,0x0000003b41300000)]
  0x000001f44c575230 JavaThread "Monitor Deflation Thread" daemon [_thread_blocked, id=22336, stack(0x0000003b41300000,0x0000003b41400000)]
  0x000001f44c575b70 JavaThread "C2 CompilerThread0" daemon [_thread_in_native, id=15188, stack(0x0000003b41400000,0x0000003b41500000)]
  0x000001f44c576270 JavaThread "C1 CompilerThread0" daemon [_thread_blocked, id=14056, stack(0x0000003b41500000,0x0000003b41600000)]
  0x000001f44d04ffe0 JavaThread "Sweeper thread" daemon [_thread_blocked, id=9664, stack(0x0000003b41600000,0x0000003b41700000)]
  0x000001f44d0e8300 JavaThread "Common-Cleaner" daemon [_thread_blocked, id=8280, stack(0x0000003b41700000,0x0000003b41800000)]
  0x000001f44d5f8d00 JavaThread "Monitor Ctrl-Break" daemon [_thread_in_native, id=14200, stack(0x0000003b41900000,0x0000003b41a00000)]
  0x000001f44d1e0540 JavaThread "Notification Thread" daemon [_thread_blocked, id=6680, stack(0x0000003b41a00000,0x0000003b41b00000)]
  0x000001f44d84d030 JavaThread "C2 CompilerThread1" daemon [_thread_in_native, id=5512, stack(0x0000003b41800000,0x0000003b41900000)]
=>0x000001f44feaeda0 JavaThread "C2 CompilerThread2" daemon [_thread_in_native, id=16488, stack(0x0000003b41c00000,0x0000003b41d00000)]

Other Threads:
  0x000001f44c553d90 VMThread "VM Thread" [stack: 0x0000003b40d00000,0x0000003b40e00000] [id=2176]
  0x000001f44d358000 WatcherThread [stack: 0x0000003b41b00000,0x0000003b41c00000] [id=15400]
  0x000001f429a36080 GCTaskThread "GC Thread#0" [stack: 0x0000003b40800000,0x0000003b40900000] [id=17676]
  0x000001f44dffe1e0 GCTaskThread "GC Thread#1" [stack: 0x0000003b41d00000,0x0000003b41e00000] [id=21592]
  0x000001f44d872060 GCTaskThread "GC Thread#2" [stack: 0x0000003b41e00000,0x0000003b41f00000] [id=9836]
  0x000001f44e1d7fe0 GCTaskThread "GC Thread#3" [stack: 0x0000003b41f00000,0x0000003b42000000] [id=5684]
  0x000001f44e1d82f0 GCTaskThread "GC Thread#4" [stack: 0x0000003b42000000,0x0000003b42100000] [id=19528]
  0x000001f44de12c80 GCTaskThread "GC Thread#5" [stack: 0x0000003b42100000,0x0000003b42200000] [id=12748]
  0x000001f44e6bee20 GCTaskThread "GC Thread#6" [stack: 0x0000003b42300000,0x0000003b42400000] [id=4724]
  0x000001f44ddd2650 GCTaskThread "GC Thread#7" [stack: 0x0000003b42400000,0x0000003b42500000] [id=13144]
  0x000001f429a48690 ConcurrentGCThread "G1 Main Marker" [stack: 0x0000003b40900000,0x0000003b40a00000] [id=15600]
  0x000001f429a49100 ConcurrentGCThread "G1 Conc#0" [stack: 0x0000003b40a00000,0x0000003b40b00000] [id=11016]
  0x000001f44e8441a0 ConcurrentGCThread "G1 Conc#1" [stack: 0x0000003b42200000,0x0000003b42300000] [id=12364]
  0x000001f429aa2540 ConcurrentGCThread "G1 Refine#0" [stack: 0x0000003b40b00000,0x0000003b40c00000] [id=22236]
  0x000001f429aa2bd0 ConcurrentGCThread "G1 Service" [stack: 0x0000003b40c00000,0x0000003b40d00000] [id=7564]

Threads with active compile tasks:
C2 CompilerThread0     3765 2942       4       org.springframework.beans.factory.support.AbstractAutowireCapableBeanFactory$FactoryBeanMethodTypeFinder::doWith (84 bytes)
C2 CompilerThread1     3765 2988       4       jdk.internal.org.objectweb.asm.ByteVector::put122 (93 bytes)
C2 CompilerThread2     3765 2842       4       java.lang.invoke.MethodType::makeImpl (108 bytes)

VM state: not at safepoint (normal execution)

VM Mutex/Monitor currently owned by a thread:  ([mutex/lock_event])
[0x000001f4299e2870] Uncommit_lock - owner thread: 0x000001f429aa2bd0

Heap address: 0x0000000702a00000, size: 4054 MB, Compressed Oops mode: Zero based, Oop shift amount: 3

CDS archive(s) mapped at: [0x0000000800000000-0x0000000800bb0000-0x0000000800bb0000), size 12255232, SharedBaseAddress: 0x0000000800000000, ArchiveRelocationMode: 0.
Compressed class space mapped at: 0x0000000800c00000-0x0000000840c00000, reserved size: 1073741824
Narrow klass base: 0x0000000800000000, Narrow klass shift: 3, Narrow klass range: 0x100000000

GC Precious Log:
 CPUs: 8 total, 8 available
 Memory: 16211M
 Large Page Support: Disabled
 NUMA Support: Disabled
 Compressed Oops: Enabled (Zero based)
 Heap Region Size: 2M
 Heap Min Capacity: 8M
 Heap Initial Capacity: 254M
 Heap Max Capacity: 4054M
 Pre-touch: Disabled
 Parallel Workers: 8
 Concurrent Workers: 2
 Concurrent Refinement Workers: 8
 Periodic GC: Disabled

Heap:
 garbage-first heap   total 61440K, used 15350K [0x0000000702a00000, 0x0000000800000000)
  region size 2048K, 4 young (8192K), 3 survivors (6144K)
 Metaspace       used 21176K, committed 21440K, reserved 1073152K
  class space    used 2597K, committed 2752K, reserved 1048576K

Heap Regions: E=young(eden), S=young(survivor), O=old, HS=humongous(starts), HC=humongous(continues), CS=collection set, F=free, OA=open archive, CA=closed archive, TAMS=top-at-mark-start (previous, next)
|   0|0x0000000702a00000, 0x0000000702c00000, 0x0000000702c00000|100%|HS|  |TAMS 0x0000000702c00000, 0x0000000702a00000| Complete 
|   1|0x0000000702c00000, 0x0000000702e00000, 0x0000000702e00000|100%| O|  |TAMS 0x0000000702e00000, 0x0000000702c00000| Untracked 
|   2|0x0000000702e00000, 0x0000000703000000, 0x0000000703000000|100%| O|  |TAMS 0x0000000703000000, 0x0000000702e00000| Untracked 
|   3|0x0000000703000000, 0x0000000703200000, 0x0000000703200000|100%| O|  |TAMS 0x0000000703200000, 0x0000000703000000| Untracked 
|   4|0x0000000703200000, 0x0000000703339e00, 0x0000000703400000| 61%| O|  |TAMS 0x0000000703339e00, 0x0000000703200000| Untracked 
|   5|0x0000000703400000, 0x0000000703400000, 0x0000000703600000|  0%| F|  |TAMS 0x0000000703400000, 0x0000000703400000| Untracked 
|   6|0x0000000703600000, 0x0000000703600000, 0x0000000703800000|  0%| F|  |TAMS 0x0000000703600000, 0x0000000703600000| Untracked 
|   7|0x0000000703800000, 0x0000000703800000, 0x0000000703a00000|  0%| F|  |TAMS 0x0000000703800000, 0x0000000703800000| Untracked 
|   8|0x0000000703a00000, 0x0000000703a00000, 0x0000000703c00000|  0%| F|  |TAMS 0x0000000703a00000, 0x0000000703a00000| Untracked 
|   9|0x0000000703c00000, 0x0000000703c00000, 0x0000000703e00000|  0%| F|  |TAMS 0x0000000703c00000, 0x0000000703c00000| Untracked 
|  10|0x0000000703e00000, 0x0000000703e00000, 0x0000000704000000|  0%| F|  |TAMS 0x0000000703e00000, 0x0000000703e00000| Untracked 
|  11|0x0000000704000000, 0x0000000704000000, 0x0000000704200000|  0%| F|  |TAMS 0x0000000704000000, 0x0000000704000000| Untracked 
|  12|0x0000000704200000, 0x0000000704200000, 0x0000000704400000|  0%| F|  |TAMS 0x0000000704200000, 0x0000000704200000| Untracked 
|  13|0x0000000704400000, 0x0000000704400000, 0x0000000704600000|  0%| F|  |TAMS 0x0000000704400000, 0x0000000704400000| Untracked 
|  14|0x0000000704600000, 0x0000000704600000, 0x0000000704800000|  0%| F|  |TAMS 0x0000000704600000, 0x0000000704600000| Untracked 
|  15|0x0000000704800000, 0x0000000704800000, 0x0000000704a00000|  0%| F|  |TAMS 0x0000000704800000, 0x0000000704800000| Untracked 
|  16|0x0000000704a00000, 0x0000000704a00000, 0x0000000704c00000|  0%| F|  |TAMS 0x0000000704a00000, 0x0000000704a00000| Untracked 
|  17|0x0000000704c00000, 0x0000000704c00000, 0x0000000704e00000|  0%| F|  |TAMS 0x0000000704c00000, 0x0000000704c00000| Untracked 
|  18|0x0000000704e00000, 0x0000000704e00000, 0x0000000705000000|  0%| F|  |TAMS 0x0000000704e00000, 0x0000000704e00000| Untracked 
|  19|0x0000000705000000, 0x0000000705000000, 0x0000000705200000|  0%| F|  |TAMS 0x0000000705000000, 0x0000000705000000| Untracked 
|  20|0x0000000705200000, 0x0000000705200000, 0x0000000705400000|  0%| F|  |TAMS 0x0000000705200000, 0x0000000705200000| Untracked 
|  21|0x0000000705400000, 0x0000000705400000, 0x0000000705600000|  0%| F|  |TAMS 0x0000000705400000, 0x0000000705400000| Untracked 
|  22|0x0000000705600000, 0x0000000705600000, 0x0000000705800000|  0%| F|  |TAMS 0x0000000705600000, 0x0000000705600000| Untracked 
|  23|0x0000000705800000, 0x0000000705800000, 0x0000000705a00000|  0%| F|  |TAMS 0x0000000705800000, 0x0000000705800000| Untracked 
|  24|0x0000000705a00000, 0x0000000705a00000, 0x0000000705c00000|  0%| F|  |TAMS 0x0000000705a00000, 0x0000000705a00000| Untracked 
|  25|0x0000000705c00000, 0x0000000705c00000, 0x0000000705e00000|  0%| F|  |TAMS 0x0000000705c00000, 0x0000000705c00000| Untracked 
|  90|0x000000070de00000, 0x000000070dfc3b58, 0x000000070e000000| 88%| S|CS|TAMS 0x000000070de00000, 0x000000070de00000| Complete 
|  91|0x000000070e000000, 0x000000070e200000, 0x000000070e200000|100%| S|CS|TAMS 0x000000070e000000, 0x000000070e000000| Complete 
|  92|0x000000070e200000, 0x000000070e400000, 0x000000070e400000|100%| S|CS|TAMS 0x000000070e200000, 0x000000070e200000| Complete 
| 126|0x0000000712600000, 0x00000007127f2f98, 0x0000000712800000| 97%| E|  |TAMS 0x0000000712600000, 0x0000000712600000| Complete 

Card table byte_map: [0x000001f440c60000,0x000001f441450000] _byte_map_base: 0x000001f43d44b000

Marking Bits (Prev, Next): (CMBitMap*) 0x000001f429a36730, (CMBitMap*) 0x000001f429a366f0
 Prev Bits: [0x000001f445ba0000, 0x000001f449af8000)
 Next Bits: [0x000001f441c40000, 0x000001f445b98000)

Polling page: 0x000001f4279d0000

Metaspace:

Usage:
  Non-class:     18.15 MB used.
      Class:      2.54 MB used.
       Both:     20.68 MB used.

Virtual space:
  Non-class space:       24.00 MB reserved,      18.31 MB ( 76%) committed,  3 nodes.
      Class space:        1.00 GB reserved,       2.69 MB ( <1%) committed,  1 nodes.
              Both:        1.02 GB reserved,      21.00 MB (  2%) committed. 

Chunk freelists:
   Non-Class:  1.42 MB
       Class:  1.28 MB
        Both:  2.71 MB

MaxMetaspaceSize: 17179869184.00 GB
CompressedClassSpaceSize: 1.00 GB
 - commit_granule_bytes: 65536.
 - commit_granule_words: 8192.
 - virtual_space_node_default_size: 1048576.
 - enlarge_chunks_in_place: 1.
 - new_chunks_are_fully_committed: 0.
 - uncommit_free_chunks: 1.
 - use_allocation_guard: 0.
 - handle_deallocations: 1.


Internal statistics:

num_allocs_failed_limit: 3.
num_arena_births: 264.
num_arena_deaths: 0.
num_vsnodes_births: 4.
num_vsnodes_deaths: 0.
num_space_committed: 336.
num_space_uncommitted: 0.
num_chunks_returned_to_freelist: 3.
num_chunks_taken_from_freelist: 1017.
num_chunk_merges: 3.
num_chunk_splits: 689.
num_chunks_enlarged: 510.
num_purges: 0.

CodeHeap 'non-profiled nmethods': size=120000Kb used=1492Kb max_used=1492Kb free=118507Kb
 bounds [0x000001f438c10000, 0x000001f438e80000, 0x000001f440140000]
CodeHeap 'profiled nmethods': size=120000Kb used=6210Kb max_used=6210Kb free=113789Kb
 bounds [0x000001f4316e0000, 0x000001f431d00000, 0x000001f438c10000]
CodeHeap 'non-nmethods': size=5760Kb used=1208Kb max_used=1287Kb free=4551Kb
 bounds [0x000001f431140000, 0x000001f4313b0000, 0x000001f4316e0000]
 total_blobs=3488 nmethods=2985 adapters=415
 compilation: enabled
              stopped_count=0, restarted_count=0
 full_count=0

Compilation events (20 events):
Event: 3.677 Thread 0x000001f44c575b70 nmethod 2938 0x000001f438d7ba10 code [0x000001f438d7bbc0, 0x000001f438d7c6c8]
Event: 3.677 Thread 0x000001f44c575b70 2942       4       org.springframework.beans.factory.support.AbstractAutowireCapableBeanFactory$FactoryBeanMethodTypeFinder::doWith (84 bytes)
Event: 3.680 Thread 0x000001f44c576270 2952       3       java.util.Collections$UnmodifiableMap$UnmodifiableEntrySet$1::hasNext (10 bytes)
Event: 3.680 Thread 0x000001f44c576270 nmethod 2952 0x000001f431cd7510 code [0x000001f431cd76c0, 0x000001f431cd78a8]
Event: 3.689 Thread 0x000001f44c576270 2953       1       java.util.logging.LogManager$LoggerContext::getOwner (5 bytes)
Event: 3.689 Thread 0x000001f44c576270 nmethod 2953 0x000001f438d7cb90 code [0x000001f438d7cd20, 0x000001f438d7cdf8]
Event: 3.691 Thread 0x000001f44d84d030 nmethod 2856 0x000001f438d7ce90 code [0x000001f438d7d1a0, 0x000001f438d7fda0]
Event: 3.692 Thread 0x000001f44c576270 2954       3       java.lang.invoke.LambdaFormEditor$TransformKey::<init> (15 bytes)
Event: 3.692 Thread 0x000001f44c576270 nmethod 2954 0x000001f431cd7990 code [0x000001f431cd7b40, 0x000001f431cd7cd8]
Event: 3.693 Thread 0x000001f44d84d030 2949       4       java.util.concurrent.atomic.AtomicInteger::incrementAndGet (14 bytes)
Event: 3.694 Thread 0x000001f44d84d030 nmethod 2949 0x000001f438d81710 code [0x000001f438d81880, 0x000001f438d81918]
Event: 3.695 Thread 0x000001f44c576270 2955       3       java.lang.Math::multiplyExact (74 bytes)
Event: 3.695 Thread 0x000001f44c576270 nmethod 2955 0x000001f431cd7d90 code [0x000001f431cd7f60, 0x000001f431cd8488]
Event: 3.695 Thread 0x000001f44c576270 2956   !   3       sun.nio.fs.WindowsFileAttributes::toFileTime (47 bytes)
Event: 3.696 Thread 0x000001f44c576270 nmethod 2956 0x000001f431cd8610 code [0x000001f431cd8800, 0x000001f431cd8aa8]
Event: 3.697 Thread 0x000001f44c576270 2957 %     3       java.util.Properties$LineReader::readLine @ 293 (584 bytes)
Event: 3.699 Thread 0x000001f44d84d030 2958       4       java.util.Properties::load0 (249 bytes)
Event: 3.699 Thread 0x000001f44c576270 nmethod 2957% 0x000001f431cd8c10 code [0x000001f431cd9020, 0x000001f431cdc1f8]
Event: 3.700 Thread 0x000001f44c576270 2959 %     3       java.util.Properties$LineReader::readLine @ 53 (584 bytes)
Event: 3.704 Thread 0x000001f44c576270 nmethod 2959% 0x000001f431cdd090 code [0x000001f431cdd4a0, 0x000001f431ce0658]

GC Heap History (4 events):
Event: 0.848 GC heap before
{Heap before GC invocations=0 (full 0):
 garbage-first heap   total 260096K, used 22528K [0x0000000702a00000, 0x0000000800000000)
  region size 2048K, 11 young (22528K), 0 survivors (0K)
 Metaspace       used 4173K, committed 4352K, reserved 1056768K
  class space    used 375K, committed 448K, reserved 1048576K
}
Event: 0.858 GC heap after
{Heap after GC invocations=1 (full 0):
 garbage-first heap   total 260096K, used 9393K [0x0000000702a00000, 0x0000000800000000)
  region size 2048K, 2 young (4096K), 2 survivors (4096K)
 Metaspace       used 4173K, committed 4352K, reserved 1056768K
  class space    used 375K, committed 448K, reserved 1048576K
}
Event: 2.029 GC heap before
{Heap before GC invocations=1 (full 0):
 garbage-first heap   total 260096K, used 36017K [0x0000000702a00000, 0x0000000800000000)
  region size 2048K, 15 young (30720K), 2 survivors (4096K)
 Metaspace       used 11647K, committed 11904K, reserved 1064960K
  class space    used 1362K, committed 1472K, reserved 1048576K
}
Event: 2.037 GC heap after
{Heap after GC invocations=2 (full 0):
 garbage-first heap   total 260096K, used 11930K [0x0000000702a00000, 0x0000000800000000)
  region size 2048K, 2 young (4096K), 2 survivors (4096K)
 Metaspace       used 11647K, committed 11904K, reserved 1064960K
  class space    used 1362K, committed 1472K, reserved 1048576K
}

Deoptimization events (20 events):
Event: 3.619 Thread 0x000001f4299e8c10 DEOPT PACKING pc=0x000001f438d2bc08 sp=0x0000003b407fd9f0
Event: 3.619 Thread 0x000001f4299e8c10 DEOPT UNPACKING pc=0x000001f43118d72e sp=0x0000003b407fd940 mode 2
Event: 3.696 Thread 0x000001f4299e8c10 Uncommon trap: trap_request=0xffffff45 fr.pc=0x000001f438cf7014 relative=0x0000000000000d14
Event: 3.696 Thread 0x000001f4299e8c10 Uncommon trap: reason=unstable_if action=reinterpret pc=0x000001f438cf7014 method=java.util.Properties$LineReader.readLine()I @ 25 c2
Event: 3.696 Thread 0x000001f4299e8c10 DEOPT PACKING pc=0x000001f438cf7014 sp=0x0000003b407fc800
Event: 3.696 Thread 0x000001f4299e8c10 DEOPT UNPACKING pc=0x000001f43118d72e sp=0x0000003b407fc798 mode 2
Event: 3.697 Thread 0x000001f4299e8c10 Uncommon trap: trap_request=0xffffff45 fr.pc=0x000001f438cf14f8 relative=0x0000000000000b38
Event: 3.697 Thread 0x000001f4299e8c10 Uncommon trap: reason=unstable_if action=reinterpret pc=0x000001f438cf14f8 method=java.util.Properties$LineReader.readLine()I @ 117 c2
Event: 3.697 Thread 0x000001f4299e8c10 DEOPT PACKING pc=0x000001f438cf14f8 sp=0x0000003b407fc800
Event: 3.697 Thread 0x000001f4299e8c10 DEOPT UNPACKING pc=0x000001f43118d72e sp=0x0000003b407fc798 mode 2
Event: 3.697 Thread 0x000001f4299e8c10 Uncommon trap: trap_request=0xffffff45 fr.pc=0x000001f438cafa40 relative=0x00000000000000a0
Event: 3.697 Thread 0x000001f4299e8c10 Uncommon trap: reason=unstable_if action=reinterpret pc=0x000001f438cafa40 method=java.nio.Buffer.position(I)Ljava/nio/Buffer; @ 37 c2
Event: 3.697 Thread 0x000001f4299e8c10 DEOPT PACKING pc=0x000001f438cafa40 sp=0x0000003b407fc430
Event: 3.697 Thread 0x000001f4299e8c10 DEOPT UNPACKING pc=0x000001f43118d72e sp=0x0000003b407fc370 mode 2
Event: 3.698 Thread 0x000001f4299e8c10 Uncommon trap: trap_request=0xffffff45 fr.pc=0x000001f438ca7d40 relative=0x00000000000000a0
Event: 3.698 Thread 0x000001f4299e8c10 Uncommon trap: reason=unstable_if action=reinterpret pc=0x000001f438ca7d40 method=java.nio.Buffer.position(I)Ljava/nio/Buffer; @ 37 c2
Event: 3.698 Thread 0x000001f4299e8c10 DEOPT PACKING pc=0x000001f438ca7d40 sp=0x0000003b407fc3d0
Event: 3.698 Thread 0x000001f4299e8c10 DEOPT UNPACKING pc=0x000001f43118d72e sp=0x0000003b407fc368 mode 2
Event: 3.699 Thread 0x000001f4299e8c10 DEOPT PACKING pc=0x000001f431a5e045 sp=0x0000003b407fc890
Event: 3.699 Thread 0x000001f4299e8c10 DEOPT UNPACKING pc=0x000001f43118dece sp=0x0000003b407fbd88 mode 0

Classes unloaded (0 events):
No events

Classes redefined (0 events):
No events

Internal exceptions (20 events):
Event: 3.503 Thread 0x000001f4299e8c10 Implicit null exception at 0x000001f438d664c9 to 0x000001f438d66760
Event: 3.522 Thread 0x000001f4299e8c10 Exception <a 'java/lang/NoClassDefFoundError'{0x000000070e82eef8}: org/flywaydb/core/Flyway> (0x000000070e82eef8) 
thrown [t:\workspace\open\src\hotspot\share\classfile\systemDictionary.cpp, line 245]
Event: 3.526 Thread 0x000001f4299e8c10 Exception <a 'java/lang/NoClassDefFoundError'{0x000000070e841b88}: liquibase/integration/spring/SpringLiquibase> (0x000000070e841b88) 
thrown [t:\workspace\open\src\hotspot\share\classfile\systemDictionary.cpp, line 245]
Event: 3.571 Thread 0x000001f4299e8c10 Exception <a 'java/lang/NoSuchMethodError'{0x000000070e907db0}: 'void java.lang.invoke.DirectMethodHandle$Holder.invokeSpecial(java.lang.Object, java.lang.Object, java.lang.Object, java.lang.Object, java.lang.Object, java.lang.Object)'> (0x000000070e907db0) 
thrown [t:\workspace\open\src\hotspot\share\interpreter\linkResolver.cpp, line 790]
Event: 3.603 Thread 0x000001f4299e8c10 Exception <a 'java/lang/ClassNotFoundException'{0x000000070e9d1530}: java/lang/ObjectCustomizer> (0x000000070e9d1530) 
thrown [t:\workspace\open\src\hotspot\share\classfile\systemDictionary.cpp, line 256]
Event: 3.604 Thread 0x000001f4299e8c10 Exception <a 'java/lang/ClassNotFoundException'{0x000000070e9d8db8}: org/springframework/aop/framework/ProxyConfigCustomizer> (0x000000070e9d8db8) 
thrown [t:\workspace\open\src\hotspot\share\classfile\systemDictionary.cpp, line 256]
Event: 3.605 Thread 0x000001f4299e8c10 Exception <a 'java/lang/ClassNotFoundException'{0x000000070e9e4bf0}: org/springframework/aop/framework/ProxyProcessorSupportCustomizer> (0x000000070e9e4bf0) 
thrown [t:\workspace\open\src\hotspot\share\classfile\systemDictionary.cpp, line 256]
Event: 3.606 Thread 0x000001f4299e8c10 Exception <a 'java/lang/ClassNotFoundException'{0x000000070e9ed998}: org/springframework/aop/framework/autoproxy/AbstractAutoProxyCreatorCustomizer> (0x000000070e9ed998) 
thrown [t:\workspace\open\src\hotspot\share\classfile\systemDictionary.cpp, line 256]
Event: 3.608 Thread 0x000001f4299e8c10 Exception <a 'java/lang/ClassNotFoundException'{0x000000070e602d30}: org/springframework/aop/framework/autoproxy/AbstractAdvisorAutoProxyCreatorCustomizer> (0x000000070e602d30) 
thrown [t:\workspace\open\src\hotspot\share\classfile\systemDictionary.cpp, line 256]
Event: 3.609 Thread 0x000001f4299e8c10 Exception <a 'java/lang/ClassNotFoundException'{0x000000070e60b730}: org/springframework/aop/framework/autoproxy/InfrastructureAdvisorAutoProxyCreatorCustomizer> (0x000000070e60b730) 
thrown [t:\workspace\open\src\hotspot\share\classfile\systemDictionary.cpp, line 256]
Event: 3.611 Thread 0x000001f4299e8c10 Exception <a 'java/lang/ClassNotFoundException'{0x000000070e61e860}: org/springframework/beans/factory/config/SmartInstantiationAwareBeanPostProcessorCustomizer> (0x000000070e61e860) 
thrown [t:\workspace\open\src\hotspot\share\classfile\systemDictionary.cpp, line 256]
Event: 3.612 Thread 0x000001f4299e8c10 Exception <a 'java/lang/ClassNotFoundException'{0x000000070e627280}: org/springframework/beans/factory/config/InstantiationAwareBeanPostProcessorCustomizer> (0x000000070e627280) 
thrown [t:\workspace\open\src\hotspot\share\classfile\systemDictionary.cpp, line 256]
Event: 3.612 Thread 0x000001f4299e8c10 Exception <a 'java/lang/ClassNotFoundException'{0x000000070e62f748}: org/springframework/beans/factory/config/BeanPostProcessorCustomizer> (0x000000070e62f748) 
thrown [t:\workspace\open\src\hotspot\share\classfile\systemDictionary.cpp, line 256]
Event: 3.613 Thread 0x000001f4299e8c10 Exception <a 'java/lang/ClassNotFoundException'{0x000000070e635478}: org/springframework/beans/factory/BeanFactoryAwareCustomizer> (0x000000070e635478) 
thrown [t:\workspace\open\src\hotspot\share\classfile\systemDictionary.cpp, line 256]
Event: 3.613 Thread 0x000001f4299e8c10 Exception <a 'java/lang/ClassNotFoundException'{0x000000070e63b078}: org/springframework/beans/factory/AwareCustomizer> (0x000000070e63b078) 
thrown [t:\workspace\open\src\hotspot\share\classfile\systemDictionary.cpp, line 256]
Event: 3.613 Thread 0x000001f4299e8c10 Exception <a 'java/lang/ClassNotFoundException'{0x000000070e63ef98}: org/springframework/core/OrderedCustomizer> (0x000000070e63ef98) 
thrown [t:\workspace\open\src\hotspot\share\classfile\systemDictionary.cpp, line 256]
Event: 3.614 Thread 0x000001f4299e8c10 Exception <a 'java/lang/ClassNotFoundException'{0x000000070e643f78}: org/springframework/beans/factory/BeanClassLoaderAwareCustomizer> (0x000000070e643f78) 
thrown [t:\workspace\open\src\hotspot\share\classfile\systemDictionary.cpp, line 256]
Event: 3.614 Thread 0x000001f4299e8c10 Exception <a 'java/lang/ClassNotFoundException'{0x000000070e649008}: org/springframework/beans/factory/AwareCustomizer> (0x000000070e649008) 
thrown [t:\workspace\open\src\hotspot\share\classfile\systemDictionary.cpp, line 256]
Event: 3.614 Thread 0x000001f4299e8c10 Exception <a 'java/lang/ClassNotFoundException'{0x000000070e64d4a8}: org/springframework/aop/framework/AopInfrastructureBeanCustomizer> (0x000000070e64d4a8) 
thrown [t:\workspace\open\src\hotspot\share\classfile\systemDictionary.cpp, line 256]
Event: 3.656 Thread 0x000001f4299e8c10 Exception <a 'java/lang/NoSuchMethodError'{0x000000070e73e890}: 'java.lang.Object java.lang.invoke.DirectMethodHandle$Holder.invokeSpecialIFC(java.lang.Object, java.lang.Object, java.lang.Object)'> (0x000000070e73e890) 
thrown [t:\workspace\open\src\hotspot\share\interpreter\linkResolver.cpp, line 790]

Events (20 events):
Event: 3.693 loading class java/util/ResourceBundle$KeyElementReference
Event: 3.693 loading class java/util/ResourceBundle$CacheKeyReference
Event: 3.693 loading class java/util/ResourceBundle$CacheKeyReference done
Event: 3.693 loading class java/util/ResourceBundle$KeyElementReference done
Event: 3.694 loading class java/util/ResourceBundle$Control$2
Event: 3.694 loading class java/util/ResourceBundle$Control$2 done
Event: 3.695 loading class java/util/PropertyResourceBundle
Event: 3.695 loading class java/util/PropertyResourceBundle done
Event: 3.695 loading class sun/util/PropertyResourceBundleCharset
Event: 3.695 loading class sun/util/PropertyResourceBundleCharset done
Event: 3.695 loading class sun/util/PropertyResourceBundleCharset$PropertiesFileDecoder
Event: 3.695 loading class sun/util/PropertyResourceBundleCharset$PropertiesFileDecoder done
Event: 3.697 Executing  VM operation: HandshakeAllThreads
Event: 3.697 Executing  VM operation: HandshakeAllThreads done
Event: 3.698 Executing  VM operation: ICBufferFull
Event: 3.698 Executing  VM operation: ICBufferFull done
Event: 3.698 Executing  VM operation: ICBufferFull
Event: 3.698 Executing  VM operation: ICBufferFull done
Event: 3.700 loading class java/util/ResourceBundle$BundleReference
Event: 3.700 loading class java/util/ResourceBundle$BundleReference done


Dynamic libraries:
0x00007ff6fd900000 - 0x00007ff6fd90e000 	C:\Users\njone\.jdks\openjdk-16.0.2\bin\java.exe
0x00007ffec7250000 - 0x00007ffec7445000 	C:\WINDOWS\SYSTEM32\ntdll.dll
0x00007ffe9ee10000 - 0x00007ffe9ee25000 	C:\Program Files\AVAST Software\Avast\aswhook.dll
0x00007ffec6f50000 - 0x00007ffec700d000 	C:\WINDOWS\System32\KERNEL32.DLL
0x00007ffec4ea0000 - 0x00007ffec5169000 	C:\WINDOWS\System32\KERNELBASE.dll
0x00007ffec4980000 - 0x00007ffec4a80000 	C:\WINDOWS\System32\ucrtbase.dll
0x00007ffebeab0000 - 0x00007ffebeac9000 	C:\Users\njone\.jdks\openjdk-16.0.2\bin\VCRUNTIME140.dll
0x00007ffec0330000 - 0x00007ffec0348000 	C:\Users\njone\.jdks\openjdk-16.0.2\bin\jli.dll
0x00007ffec6db0000 - 0x00007ffec6f50000 	C:\WINDOWS\System32\USER32.dll
0x00007ffeb1de0000 - 0x00007ffeb207a000 	C:\WINDOWS\WinSxS\amd64_microsoft.windows.common-controls_6595b64144ccf1df_6.0.19041.1110_none_60b5254171f9507e\COMCTL32.dll
0x00007ffec5170000 - 0x00007ffec5192000 	C:\WINDOWS\System32\win32u.dll
0x00007ffec70d0000 - 0x00007ffec70fa000 	C:\WINDOWS\System32\GDI32.dll
0x00007ffec5370000 - 0x00007ffec540e000 	C:\WINDOWS\System32\msvcrt.dll
0x00007ffec51a0000 - 0x00007ffec52ab000 	C:\WINDOWS\System32\gdi32full.dll
0x00007ffec4b10000 - 0x00007ffec4bad000 	C:\WINDOWS\System32\msvcp_win.dll
0x00007ffec52b0000 - 0x00007ffec52e0000 	C:\WINDOWS\System32\IMM32.DLL
0x00007ffec02c0000 - 0x00007ffec02cc000 	C:\Users\njone\.jdks\openjdk-16.0.2\bin\vcruntime140_1.dll
0x00007ffe88d10000 - 0x00007ffe88da1000 	C:\Users\njone\.jdks\openjdk-16.0.2\bin\msvcp140.dll
0x00007ffe81770000 - 0x00007ffe8231b000 	C:\Users\njone\.jdks\openjdk-16.0.2\bin\server\jvm.dll
0x00007ffec6d00000 - 0x00007ffec6dac000 	C:\WINDOWS\System32\ADVAPI32.dll
0x00007ffec7170000 - 0x00007ffec720b000 	C:\WINDOWS\System32\sechost.dll
0x00007ffec5d30000 - 0x00007ffec5e5a000 	C:\WINDOWS\System32\RPCRT4.dll
0x00007ffec6ae0000 - 0x00007ffec6ae8000 	C:\WINDOWS\System32\PSAPI.DLL
0x00007ffeb8f30000 - 0x00007ffeb8f57000 	C:\WINDOWS\SYSTEM32\WINMM.dll
0x00007ffeb6740000 - 0x00007ffeb6749000 	C:\WINDOWS\SYSTEM32\WSOCK32.dll
0x00007ffebe210000 - 0x00007ffebe21a000 	C:\WINDOWS\SYSTEM32\VERSION.dll
0x00007ffec7100000 - 0x00007ffec716b000 	C:\WINDOWS\System32\WS2_32.dll
0x00007ffec31d0000 - 0x00007ffec31e2000 	C:\WINDOWS\SYSTEM32\kernel.appcore.dll
0x00007ffebedc0000 - 0x00007ffebedca000 	C:\Users\njone\.jdks\openjdk-16.0.2\bin\jimage.dll
0x00007ffec2610000 - 0x00007ffec27f4000 	C:\WINDOWS\SYSTEM32\DBGHELP.DLL
0x00007ffeba6d0000 - 0x00007ffeba6fc000 	C:\WINDOWS\SYSTEM32\dbgcore.DLL
0x00007ffec4bb0000 - 0x00007ffec4c33000 	C:\WINDOWS\System32\bcryptPrimitives.dll
0x00007ffebebe0000 - 0x00007ffebebee000 	C:\Users\njone\.jdks\openjdk-16.0.2\bin\instrument.dll
0x00007ffebdc60000 - 0x00007ffebdc85000 	C:\Users\njone\.jdks\openjdk-16.0.2\bin\java.dll
0x00007ffec55f0000 - 0x00007ffec5d2f000 	C:\WINDOWS\System32\SHELL32.dll
0x00007ffec2970000 - 0x00007ffec3100000 	C:\WINDOWS\SYSTEM32\windows.storage.dll
0x00007ffec6070000 - 0x00007ffec63c5000 	C:\WINDOWS\System32\combase.dll
0x00007ffec4310000 - 0x00007ffec433c000 	C:\WINDOWS\SYSTEM32\Wldp.dll
0x00007ffec5540000 - 0x00007ffec55ee000 	C:\WINDOWS\System32\SHCORE.dll
0x00007ffec7070000 - 0x00007ffec70c5000 	C:\WINDOWS\System32\shlwapi.dll
0x00007ffec48c0000 - 0x00007ffec48df000 	C:\WINDOWS\SYSTEM32\profapi.dll
0x00007ffeb1850000 - 0x00007ffeb1868000 	C:\Users\njone\.jdks\openjdk-16.0.2\bin\zip.dll
0x00007ffebdc40000 - 0x00007ffebdc59000 	C:\Users\njone\.jdks\openjdk-16.0.2\bin\net.dll
0x00007ffebc640000 - 0x00007ffebc748000 	C:\WINDOWS\SYSTEM32\WINHTTP.dll
0x00007ffec4020000 - 0x00007ffec408a000 	C:\WINDOWS\system32\mswsock.dll
0x00007ffeb9e40000 - 0x00007ffeb9e53000 	C:\Users\njone\.jdks\openjdk-16.0.2\bin\nio.dll
0x00007ffeb0ce0000 - 0x00007ffeb0cfa000 	D:\IntelliJ IDEA Community Edition 2021.1.3\bin\breakgen64.dll
0x00007ffebec30000 - 0x00007ffebec40000 	C:\Users\njone\.jdks\openjdk-16.0.2\bin\verify.dll
0x00007ffebea20000 - 0x00007ffebea29000 	C:\Users\njone\.jdks\openjdk-16.0.2\bin\management.dll
0x00007ffebc7c0000 - 0x00007ffebc7cb000 	C:\Users\njone\.jdks\openjdk-16.0.2\bin\management_ext.dll
0x00007ffea2b70000 - 0x00007ffea2b87000 	C:\WINDOWS\system32\napinsp.dll
0x00007ffea29a0000 - 0x00007ffea29bb000 	C:\WINDOWS\system32\pnrpnsp.dll
0x00007ffebf540000 - 0x00007ffebf555000 	C:\WINDOWS\system32\wshbth.dll
0x00007ffec00d0000 - 0x00007ffec00ed000 	C:\WINDOWS\system32\NLAapi.dll
0x00007ffec3d20000 - 0x00007ffec3d5b000 	C:\WINDOWS\SYSTEM32\IPHLPAPI.DLL
0x00007ffec3d70000 - 0x00007ffec3e3c000 	C:\WINDOWS\SYSTEM32\DNSAPI.dll
0x00007ffec6bd0000 - 0x00007ffec6bd8000 	C:\WINDOWS\System32\NSI.dll
0x00007ffea1e10000 - 0x00007ffea1e22000 	C:\WINDOWS\System32\winrnr.dll
0x00007ffebbb40000 - 0x00007ffebbb4a000 	C:\Windows\System32\rasadhlp.dll
0x00007ffebb760000 - 0x00007ffebb7df000 	C:\WINDOWS\System32\fwpuclnt.dll
0x00007ffec4ae0000 - 0x00007ffec4b07000 	C:\WINDOWS\System32\bcrypt.dll

dbghelp: loaded successfully - version: 4.0.5 - missing functions: none
symbol engine: initialized successfully - sym options: 0x614 - pdb path: .;C:\Users\njone\.jdks\openjdk-16.0.2\bin;C:\WINDOWS\SYSTEM32;C:\Program Files\AVAST Software\Avast;C:\WINDOWS\WinSxS\amd64_microsoft.windows.common-controls_6595b64144ccf1df_6.0.19041.1110_none_60b5254171f9507e;C:\Users\njone\.jdks\openjdk-16.0.2\bin\server;D:\IntelliJ IDEA Community Edition 2021.1.3\bin

VM Arguments:
jvm_args: -javaagent:D:\IntelliJ IDEA Community Edition 2021.1.3\lib\idea_rt.jar=50109:D:\IntelliJ IDEA Community Edition 2021.1.3\bin -Dfile.encoding=UTF-8 
java_command: com.github.ProjectBalashov.Web
java_class_path (initial): D:\Projects\Current\Revature\Project2\Ted\target\classes;C:\Users\njone\.m2\repository\org\springframework\boot\spring-boot-starter-data-cassandra-reactive\2.5.4\spring-boot-starter-data-cassandra-reactive-2.5.4.jar;C:\Users\njone\.m2\repository\org\springframework\boot\spring-boot-starter\2.5.4\spring-boot-starter-2.5.4.jar;C:\Users\njone\.m2\repository\org\springframework\boot\spring-boot\2.5.4\spring-boot-2.5.4.jar;C:\Users\njone\.m2\repository\org\springframework\boot\spring-boot-autoconfigure\2.5.4\spring-boot-autoconfigure-2.5.4.jar;C:\Users\njone\.m2\repository\org\springframework\boot\spring-boot-starter-logging\2.5.4\spring-boot-starter-logging-2.5.4.jar;C:\Users\njone\.m2\repository\org\apache\logging\log4j\log4j-to-slf4j\2.14.1\log4j-to-slf4j-2.14.1.jar;C:\Users\njone\.m2\repository\org\apache\logging\log4j\log4j-api\2.14.1\log4j-api-2.14.1.jar;C:\Users\njone\.m2\repository\org\slf4j\jul-to-slf4j\1.7.32\jul-to-slf4j-1.7.32.jar;C:\Users\njone\.m2\repository\jakarta\annotation\jakarta.annotation-api\1.3.5\jakarta.annotation-api-1.3.5.jar;C:\Users\njone\.m2\repository\org\springframework\spring-tx\5.3.9\spring-tx-5.3.9.jar;C:\Users\njone\.m2\repository\org\springframework\spring-beans\5.3.9\spring-beans-5.3.9.jar;C:\Users\njone\.m2\repository\org\springframework\data\spring-data-cassandra\3.2.4\spring-data-cassandra-3.2.4.jar;C:\Users\njone\.m2\repository\org\springframework\spring-context\5.3.9\spring-context-5.3.9.jar;C:\Users\njone\.m2\repository\org\springframework\spring-expression\5.3.9\spring-expression-5.3.9.jar;C:\Users\njone\.m2\repository\org\springframework\data\spring-data-commons\2.5.4\spring-data-commons-2.5.4.jar;C:\Users\njone\.m2\repository\com\datastax\oss\java-driver-core\4.11.3\java-driver-core-4.11.3.jar;C:\Users\njone\.m2\repository\com\datastax\oss\native-protocol\1.5.0\native-protocol-1.5.0.jar;C:\Users\njone\.m2\repository\io\netty\netty-handler\4.1.67.Final\netty-handler-4.1.67.Final.jar;C:\Users\njone\
Launcher Type: SUN_STANDARD

[Global flags]
     intx CICompilerCount                          = 4                                         {product} {ergonomic}
     uint ConcGCThreads                            = 2                                         {product} {ergonomic}
     uint G1ConcRefinementThreads                  = 8                                         {product} {ergonomic}
   size_t G1HeapRegionSize                         = 2097152                                   {product} {ergonomic}
    uintx GCDrainStackTargetSize                   = 64                                        {product} {ergonomic}
   size_t InitialHeapSize                          = 266338304                                 {product} {ergonomic}
   size_t MarkStackSize                            = 4194304                                   {product} {ergonomic}
   size_t MaxHeapSize                              = 4250927104                                {product} {ergonomic}
   size_t MaxNewSize                               = 2550136832                                {product} {ergonomic}
   size_t MinHeapDeltaBytes                        = 2097152                                   {product} {ergonomic}
   size_t MinHeapSize                              = 8388608                                   {product} {ergonomic}
    uintx NonNMethodCodeHeapSize                   = 5839372                                {pd product} {ergonomic}
    uintx NonProfiledCodeHeapSize                  = 122909434                              {pd product} {ergonomic}
    uintx ProfiledCodeHeapSize                     = 122909434                              {pd product} {ergonomic}
    uintx ReservedCodeCacheSize                    = 251658240                              {pd product} {ergonomic}
     bool SegmentedCodeCache                       = true                                      {product} {ergonomic}
   size_t SoftMaxHeapSize                          = 4250927104                             {manageable} {ergonomic}
     bool UseCompressedClassPointers               = true                           {product lp64_product} {ergonomic}
     bool UseCompressedOops                        = true                           {product lp64_product} {ergonomic}
     bool UseG1GC                                  = true                                      {product} {ergonomic}
     bool UseLargePagesIndividualAllocation        = false                                  {pd product} {ergonomic}

Logging:
Log output configuration:
 #0: stdout all=warning uptime,level,tags
 #1: stderr all=off uptime,level,tags

Environment Variables:
PATH=C:\Program Files\Common Files\Oracle\Java\javapath;C:\Program Files (x86)\Common Files\Intel\Shared Libraries\redist\intel64\compiler;C:\Program Files (x86)\Common Files\Oracle\Java\javapath;C:\ProgramData\Oracle\Java\javapath;C:\Windows\system32;C:\Windows;C:\Windows\System32\Wbem;C:\Windows\System32\WindowsPowerShell\v1.0\;C:\WINDOWS\system32;C:\WINDOWS;C:\WINDOWS\System32\Wbem;C:\WINDOWS\System32\WindowsPowerShell\v1.0\;C:\WINDOWS\System32\OpenSSH\;C:\Program Files\Microsoft SQL Server\Client SDK\ODBC\110\Tools\Binn\;C:\Program Files (x86)\Microsoft SQL Server\120\Tools\Binn\;C:\Program Files\Microsoft SQL Server\120\Tools\Binn\;C:\Program Files\Microsoft SQL Server\120\DTS\Binn\;C:\Program Files (x86)\Windows Kits\8.1\Windows Performance Toolkit\;C:\Program Files\MATLAB\R2018b\runtime\win64;C:\Program Files\MATLAB\R2018b\bin;C:\Program Files (x86)\Intel\Intel(R) Management Engine Components\DAL;C:\Program Files\Intel\Intel(R) Management Engine Components\DAL;C:\Program Files\Intel\WiFi\bin\;C:\Program Files\Common Files\Intel\WirelessCommon\;C:\ProgramData\chocolatey\bin;C:\ProgramData\chocolatey\lib\maven\apache-maven-3.8.1\bin;D:\Git\cmd;C:\Program Files\Docker\Docker\resources\bin;C:\ProgramData\DockerDesktop\version-bin;C:\Users\njone\AppData\Local\Microsoft\WindowsApps;C:\Program Files\Intel\WiFi\bin\;C:\Program Files\Common Files\Intel\WirelessCommon\;D:\IntelliJ IDEA Community Edition 2021.1.3\bin;
USERNAME=njone
OS=Windows_NT
PROCESSOR_IDENTIFIER=Intel64 Family 6 Model 94 Stepping 3, GenuineIntel



---------------  S Y S T E M  ---------------

OS:
 Windows 10 , 64 bit Build 19041 (10.0.19041.1151)
OS uptime: 3 days 3:16 hours
Hyper-V role detected

CPU: total 8 (initial active 8) (4 cores per cpu, 2 threads per core) family 6 model 94 stepping 3 microcode 0xd6, cx8, cmov, fxsr, ht, mmx, 3dnowpref, sse, sse2, sse3, ssse3, sse4.1, sse4.2, popcnt, lzcnt, tsc, tscinvbit, avx, avx2, aes, erms, clmul, bmi1, bmi2, rtm, adx, fma, vzeroupper, clflush, clflushopt, hv

Memory: 4k page, system-wide physical 16211M (845M free)
TotalPageFile size 16211M (AvailPageFile size 204M)
current process WorkingSet (physical memory assigned to process): 120M, peak: 180M
current process commit charge ("private bytes"): 203M, peak: 405M

vm_info: OpenJDK 64-Bit Server VM (16.0.2+7-67) for windows-amd64 JRE (16.0.2+7-67), built on Jun  8 2021 23:21:43 by "mach5one" with MS VC++ 16.7 (VS2019)

END.
